app/build/outputs/apk/manifest-merger-debug-report.txt
-- Merging decision tree log ---
manifest
ADDED from AndroidManifest.xml:22:1
	xmlns:android
		ADDED from AndroidManifest.xml:22:11
	package
		ADDED from AndroidManifest.xml:23:5
uses-permission#android.permission.INTERNET
ADDED from AndroidManifest.xml:25:5
	android:name
		ADDED from AndroidManifest.xml:25:22
uses-permission#android.permission.WRITE_EXTERNAL_STORAGE
ADDED from AndroidManifest.xml:26:5
	android:name
		ADDED from AndroidManifest.xml:26:22
uses-permission#android.permission.CAMERA
ADDED from AndroidManifest.xml:30:5
	android:name
		ADDED from AndroidManifest.xml:30:22
uses-feature#android.hardware.camera
ADDED from AndroidManifest.xml:31:5
	android:name
		ADDED from AndroidManifest.xml:31:19
uses-feature#android.hardware.camera.autofocus
ADDED from AndroidManifest.xml:32:5
	android:required
		ADDED from AndroidManifest.xml:32:68
	android:name
		ADDED from AndroidManifest.xml:32:19
uses-sdk
ADDED from AndroidManifest.xml:34:5
	android:targetSdkVersion
		ADDED from AndroidManifest.xml:36:9
	android:minSdkVersion
		ADDED from AndroidManifest.xml:35:9
application
ADDED from AndroidManifest.xml:38:5
	android:supportsRtl
		ADDED from AndroidManifest.xml:42:13
	android:label
		ADDED from AndroidManifest.xml:39:13
	android:icon
		ADDED from AndroidManifest.xml:40:13
	android:hardwareAccelerated
		ADDED from AndroidManifest.xml:41:13
	android:name
		ADDED from AndroidManifest.xml:38:18
activity#com.example.android.apis.ApiDemos
ADDED from AndroidManifest.xml:44:9
	android:name
		ADDED from AndroidManifest.xml:44:19
intent-filter#android.intent.action.MAIN+android.intent.category.DEFAULT+android.intent.category.LAUNCHER
ADDED from AndroidManifest.xml:45:13
action#android.intent.action.MAIN
ADDED from AndroidManifest.xml:46:17
	android:name
		ADDED from AndroidManifest.xml:46:25
category#android.intent.category.DEFAULT
ADDED from AndroidManifest.xml:47:17
	android:name
		ADDED from AndroidManifest.xml:47:27
category#android.intent.category.LAUNCHER
ADDED from AndroidManifest.xml:48:17
	android:name
		ADDED from AndroidManifest.xml:48:27
activity#com.example.android.apis.graphics.kube.Kube
ADDED from AndroidManifest.xml:56:9
	android:label
		ADDED from AndroidManifest.xml:56:54
	android:configChanges
		ADDED from AndroidManifest.xml:57:17
	android:name
		ADDED from AndroidManifest.xml:56:19
intent-filter#android.intent.action.MAIN+android.intent.category.SAMPLE_CODE
ADDED from AndroidManifest.xml:58:13
category#android.intent.category.SAMPLE_CODE
ADDED from AndroidManifest.xml:60:17
	android:name
		ADDED from AndroidManifest.xml:60:27
activity#com.example.android.apis.graphics.CameraPreview
ADDED from AndroidManifest.xml:64:9
	android:screenOrientation
		ADDED from AndroidManifest.xml:64:97
	android:label
		ADDED from AndroidManifest.xml:64:58
	android:name
		ADDED from AndroidManifest.xml:64:19
activity#com.example.android.apis.graphics.CompressedTextureActivity
ADDED from AndroidManifest.xml:71:9
	android:label
		ADDED from AndroidManifest.xml:72:17
	android:configChanges
		ADDED from AndroidManifest.xml:74:17
	android:theme
		ADDED from AndroidManifest.xml:73:17
	android:name
		ADDED from AndroidManifest.xml:71:19
activity#com.example.android.apis.graphics.CubeMapActivity
ADDED from AndroidManifest.xml:81:9
	android:label
		ADDED from AndroidManifest.xml:82:17
	android:configChanges
		ADDED from AndroidManifest.xml:84:17
	android:theme
		ADDED from AndroidManifest.xml:83:17
	android:name
		ADDED from AndroidManifest.xml:81:19
activity#com.example.android.apis.graphics.FrameBufferObjectActivity
ADDED from AndroidManifest.xml:92:9
	android:label
		ADDED from AndroidManifest.xml:93:17
	android:configChanges
		ADDED from AndroidManifest.xml:95:17
	android:theme
		ADDED from AndroidManifest.xml:94:17
	android:name
		ADDED from AndroidManifest.xml:92:19
activity#com.example.android.apis.graphics.GLSurfaceViewActivity
ADDED from AndroidManifest.xml:102:9
	android:label
		ADDED from AndroidManifest.xml:103:17
	android:configChanges
		ADDED from AndroidManifest.xml:105:17
	android:theme
		ADDED from AndroidManifest.xml:104:17
	android:name
		ADDED from AndroidManifest.xml:102:19
activity#com.example.android.apis.graphics.GLES20Activity
ADDED from AndroidManifest.xml:112:9
	android:label
		ADDED from AndroidManifest.xml:113:17
	android:configChanges
		ADDED from AndroidManifest.xml:115:17
	android:theme
		ADDED from AndroidManifest.xml:114:17
	android:name
		ADDED from AndroidManifest.xml:112:19
activity#com.example.android.apis.graphics.MatrixPaletteActivity
ADDED from AndroidManifest.xml:122:9
	android:label
		ADDED from AndroidManifest.xml:123:17
	android:configChanges
		ADDED from AndroidManifest.xml:124:17
	android:name
		ADDED from AndroidManifest.xml:122:19
activity#com.example.android.apis.graphics.TranslucentGLSurfaceViewActivity
ADDED from AndroidManifest.xml:131:9
	android:label
		ADDED from AndroidManifest.xml:132:17
	android:configChanges
		ADDED from AndroidManifest.xml:134:17
	android:theme
		ADDED from AndroidManifest.xml:133:17
	android:name
		ADDED from AndroidManifest.xml:131:19
activity#com.example.android.apis.graphics.TriangleActivity
ADDED from AndroidManifest.xml:141:9
	android:label
		ADDED from AndroidManifest.xml:142:17
	android:configChanges
		ADDED from AndroidManifest.xml:144:17
	android:theme
		ADDED from AndroidManifest.xml:143:17
	android:name
		ADDED from AndroidManifest.xml:141:19
activity#com.example.android.apis.graphics.spritetext.SpriteTextActivity
ADDED from AndroidManifest.xml:151:9
	android:label
		ADDED from AndroidManifest.xml:152:17
	android:configChanges
		ADDED from AndroidManifest.xml:154:17
	android:theme
		ADDED from AndroidManifest.xml:153:17
	android:name
		ADDED from AndroidManifest.xml:151:19
activity#com.example.android.apis.graphics.TouchRotateActivity
ADDED from AndroidManifest.xml:161:9
	android:label
		ADDED from AndroidManifest.xml:162:17
	android:configChanges
		ADDED from AndroidManifest.xml:164:17
	android:theme
		ADDED from AndroidManifest.xml:163:17
	android:name
		ADDED from AndroidManifest.xml:161:19
activity#com.example.android.apis.graphics.SurfaceViewOverlay
ADDED from AndroidManifest.xml:171:9
	android:label
		ADDED from AndroidManifest.xml:172:17
	android:name
		ADDED from AndroidManifest.xml:171:19
activity#com.example.android.apis.graphics.WindowSurface
ADDED from AndroidManifest.xml:179:9
	android:label
		ADDED from AndroidManifest.xml:180:17
	android:name
		ADDED from AndroidManifest.xml:179:19